0 info it worked if it ends with ok
1 verbose cli [ '/Users/yu/.nodebrew/node/v6.5.0/bin/node',
1 verbose cli   '/Users/yu/.nodebrew/current/bin/npm',
1 verbose cli   'run',
1 verbose cli   'build' ]
2 info using npm@3.10.3
3 info using node@v6.5.0
4 verbose run-script [ 'prebuild', 'build', 'postbuild' ]
5 info lifecycle minimal-image-editor@0.0.0~prebuild: minimal-image-editor@0.0.0
6 silly lifecycle minimal-image-editor@0.0.0~prebuild: no script for prebuild, continuing
7 info lifecycle minimal-image-editor@0.0.0~build: minimal-image-editor@0.0.0
8 verbose lifecycle minimal-image-editor@0.0.0~build: unsafe-perm in lifecycle true
9 verbose lifecycle minimal-image-editor@0.0.0~build: PATH: /Users/yu/.nodebrew/node/v6.5.0/lib/node_modules/npm/bin/node-gyp-bin:/Users/yu/private/minimal-image-editor/node_modules/.bin:/Users/yu/.nodebrew/node/v6.5.0/bin:/Users/yu/.rbenv/shims:/Users/yu/.rbenv/bin:/Applications/Cocos/frameworks:/Users/yu/Library/Android/sdk/tools:/Users/yu/Library/Android/sdk/platform-tools:/Applications/Cocos/tools/ant/bin:/Users/yu/Developer/android/ndk:/Users/yu/Developer/cocos2d-x-3.7/templates:/Applications/Cocos/frameworks/cocos2d-x-3.7/tools/cocos2d-console/bin:/Users/yu/.nodebrew/current/bin:/usr/local/bin:/usr/bin:/bin:/usr/sbin:/sbin:/opt/X11/bin:/usr/local/opt/go/libexec/bin
10 verbose lifecycle minimal-image-editor@0.0.0~build: CWD: /Users/yu/private/minimal-image-editor
11 silly lifecycle minimal-image-editor@0.0.0~build: Args: [ '-c',
11 silly lifecycle   'electron-packager . --out=dist --asar --overwrite --all' ]
12 silly lifecycle minimal-image-editor@0.0.0~build: Returned: code: 1  signal: null
13 info lifecycle minimal-image-editor@0.0.0~build: Failed to exec build script
14 verbose stack Error: minimal-image-editor@0.0.0 build: `electron-packager . --out=dist --asar --overwrite --all`
14 verbose stack Exit status 1
14 verbose stack     at EventEmitter.<anonymous> (/Users/yu/.nodebrew/node/v6.5.0/lib/node_modules/npm/lib/utils/lifecycle.js:242:16)
14 verbose stack     at emitTwo (events.js:106:13)
14 verbose stack     at EventEmitter.emit (events.js:191:7)
14 verbose stack     at ChildProcess.<anonymous> (/Users/yu/.nodebrew/node/v6.5.0/lib/node_modules/npm/lib/utils/spawn.js:40:14)
14 verbose stack     at emitTwo (events.js:106:13)
14 verbose stack     at ChildProcess.emit (events.js:191:7)
14 verbose stack     at maybeClose (internal/child_process.js:877:16)
14 verbose stack     at Process.ChildProcess._handle.onexit (internal/child_process.js:226:5)
15 verbose pkgid minimal-image-editor@0.0.0
16 verbose cwd /Users/yu/private/minimal-image-editor
17 error Darwin 15.5.0
18 error argv "/Users/yu/.nodebrew/node/v6.5.0/bin/node" "/Users/yu/.nodebrew/current/bin/npm" "run" "build"
19 error node v6.5.0
20 error npm  v3.10.3
21 error code ELIFECYCLE
22 error minimal-image-editor@0.0.0 build: `electron-packager . --out=dist --asar --overwrite --all`
22 error Exit status 1
23 error Failed at the minimal-image-editor@0.0.0 build script 'electron-packager . --out=dist --asar --overwrite --all'.
23 error Make sure you have the latest version of node.js and npm installed.
23 error If you do, this is most likely a problem with the minimal-image-editor package,
23 error not with npm itself.
23 error Tell the author that this fails on your system:
23 error     electron-packager . --out=dist --asar --overwrite --all
23 error You can get information on how to open an issue for this project with:
23 error     npm bugs minimal-image-editor
23 error Or if that isn't available, you can get their info via:
23 error     npm owner ls minimal-image-editor
23 error There is likely additional logging output above.
24 verbose exit [ 1, true ]
